 11198330
 1016150
 9253284
 6443346
 1630029
 0944947
 7631058
 9114286
 14641788
 2935622
 5180504
 13649396
 12593682
 8093700
 20723374
 1745960
 1190634
 1043813
 0429087
 13616990
 7661390
 7846844
 7587890
 6710474
 5057054
 15318872
 15327088
 5645432
 0364845
 10857160
 10648342
 1877830
 11138512
 18082758
 0499549
 4179452
 9184986
 0092099
 14923244
 10954600
 2306299
 7221388
 13320622
 16183464
 8111088
 0087332
 7949218
 2560140
 0118276
 5108870
 2934286
 1312171
 3291150
 7053188
 6468322
 3322312
 11126994
 0103359
 5315210
 1856101
 18076310
 1483013
 0118480
 9032400
 1392170
 8367814
 8466564
 9742936
 12590266
 8688814
 10151854
 4154756
 8912936
 12327578
 0060028
 6723592
 8178634
 14218674
 8579674
 2017109
 6146586
 0172495
 2193021
 0168366
 0096446
 0145487
 5838588
 9335498
 2580046
 3581920
 8722888
 0790736
 0434665
 0360486
 1442449
 9561862
 1600194
 0320661
 7462410
 0934814





