 House of the Dragon
 All Quiet on the Western Front
 Andor
 Black Adam
 Avatar: The Way of Water
 Game of Thrones
 The Lord of the Rings: The Rings of Power
 Black Panther: Wakanda Forever
 Enola Holmes 2
 The School for Good and Evil
 The Witcher
 The Bastard Son & The Devil Himself
 Bullet Train
 The Woman King
 Tales of the Jedi
 Top Gun: Maverick
 The Boys
 Titans
 Shantaram
 Chainsaw Man
 Gangs of London
 Enola Holmes
 The Rookie
 Everything Everywhere All at Once
 Tom Clancy's Jack Ryan
 Werewolf by Night
 Kantara
 The Old Man
 NCIS
 She-Hulk: Attorney at Law
 Thor: Love and Thunder
 The Batman
 The Northman
 The Takeover
 Avatar
 The Last Kingdom
 Barbarians
 Top Gun
 The Winchesters
 Ant-Man and the Wasp: Quantumania
 Vikings
 Cobra Kai
 The Lost City
 One Piece Film: Red
 The Mandalorian
 Ghostbusters
 See
 Attack on Titan
 Buffy the Vampire Slayer
 Morbius
Halo
The Umbrella Academy
The Expendables 4
Station 19
Money Heist
Daredevil
Arcane
Batman: The Animated Series
Lou
Blade Runner 2049
The Rookie: Feds
Oblivion
Stargate SG-1
Eternals
The Hunger Games
The Gentlemen
Obi-Wan Kenobi
FBI: Most Wanted
Cyberpunk: Edgerunners
The Dragon Prince
Shazam! Fury of the Gods
Avengers: Infinity War
DC League of Super-Pets
Star Trek: Strange New Worlds
Star Trek
Tenet
RRR
NCIS: Hawai'i
1917
Banshee
John Wick: Chapter 3 - Parabellum
Gladiator
Arrow
Pokémon
Willow
Spider-Man
God of War
Demon Slayer: Kimetsu no Yaiba
Miraculous: Tales of Ladybug & Cat Noir
The Last of Us
Stargirl
R.I.P.D.
Bleach
Constantine
Spartacus
Love, Death & Robots
Hawaii Five-0
Kingdom of Heaven
The Wheel of Time
Chuck




