 2022
 2022
 2022 
 2022
 2022
 2011
 2022 
 2022
 2022
 2022
 2019 
 2022 
 2022
 2022
 2022 
 2022
 2019 
 2018 
 2022 
 2022 
 2020 
 2020
 2018 
 2022
 2018 
 2022 
 2022
 2022 
 2003 
 2022
 2022
 2022
 2022
 2022
 2009
 2015
 2020 
 1986
 2022 
 2023
 2013
 2018
 2022
 2022
 2019
 1984
 2019
 2013
 1997
 2022
2022
2019
2023
2018
2017
2015
2021
1992
2022
2017
2022
2013
1997
2021
2012
2019
2022
2020
2022
2018
2023
2018
2022
2022
1966
2020
2022
2021
2019
2013
2019
2000
2012
1997
1988
2002
2018
2019
2015
2023
2020
2013
2004
2005
2010
2019
2010
2005
2021
2007




